2023/11/21 11:34:26	cca2df0d-d303-437f-a3c8-16539043d48c	POST	/api/category	undefined
2023/11/21 11:36:20	4d8c979f-9d61-4eeb-97a4-82f79e3c8ff8	POST	/api/users	undefined
2023/11/21 11:37:04	5f8ad6f2-ab0c-4999-8cd1-e46016ce78c1	POST	/api/auth	undefined
2023/11/21 11:37:33	f7f7623e-6dfe-43f3-ac93-ff5c0a08f213	POST	/api/category	undefined
2023/11/21 11:37:38	af416928-5934-47c0-a3d4-2931a63a5edb	POST	/api/category	undefined
2023/11/21 11:37:39	09d26f7e-f300-4f53-9bcd-8fb0b6315398	POST	/api/category	undefined
2023/11/21 11:38:06	04232f21-a19f-4c41-a08a-4a3f986fb77f	GET	/users	undefined
2023/11/21 11:38:11	87a02c50-33c0-4591-80ac-9a1e1beb7c2d	GET	/api/users	undefined
2023/11/21 11:38:18	2f8a867c-27c3-4496-9dac-4fba9ecc3cad	GET	/api/users/1	undefined
2023/11/21 11:39:11	fd46bdf2-f1e3-45a8-a0ce-354a9c87fc0f	POST	/api/auth	undefined
2023/11/21 12:53:45	5812294c-1f63-4d9b-9834-f711e70f843c	POST	/api/category	undefined
2023/11/21 12:55:06	97a6ed93-2616-4e13-8e23-4cdc340968fc	POST	/api/auth	undefined
2023/11/21 12:55:31	4dbf732e-d378-4137-9347-99bcc0368fc7	POST	/api/category	undefined
2023/11/21 12:56:46	cb1dbd4d-962d-47b3-881a-6704c7c46988	POST	/api/category	undefined
2023/11/21 12:57:00	718095aa-b08f-44c1-b3fb-c18762706024	POST	/api/category	undefined
2023/11/21 12:58:36	0cbb42f6-1df6-4238-8208-373430d8cf89	POST	/api/category	undefined
2023/11/21 13:00:29	09ce1e28-ca37-44b8-ac93-9e7032e68abd	POST	/api/category	undefined
2023/11/21 13:06:31	5bdccca5-2880-4330-914d-6552839b1e39	POST	/api/category	undefined
2023/11/21 13:06:42	3c4da1c2-9723-4e73-8612-0dedf1a0385c	GET	/api/users	undefined
2023/11/21 13:06:54	a53e012a-7913-40c1-8012-1c62b6a6cd7a	POST	/api/category	undefined
2023/11/21 13:13:44	a0b7bf3e-b138-4a1b-83df-a74b66d1af49	POST	/api/category	undefined
2023/11/21 13:28:12	e2db2db2-f1eb-4e5f-924b-811e533a3626	POST	/api/manufacturer	undefined
2023/11/21 13:28:42	b41bfc20-b719-48ef-9eab-5f9a8a0c5d5d	POST	/api/manufacturer	undefined
2023/11/21 13:35:35	c24ee631-fbe6-4f5b-882c-ece4e87556f9	POST	/api/product	undefined
2023/11/21 13:35:44	25d4ac83-8d86-4f88-8d2a-bc181a3fcb1d	POST	/api/product	undefined
2023/11/21 13:35:48	94586f07-af46-4910-902a-fa66518b8353	POST	/api/product	undefined
2023/11/21 13:38:07	9d66feb2-0483-4bf4-ad08-6b0e78cd9f68	POST	/api/product	undefined
2023/11/21 13:38:30	a76c1fb4-538a-4858-8efa-a77914fdfa2c	POST	/api/product	undefined
2023/11/21 13:41:35	96c11648-0bb5-4861-b5ae-60b1d1c2d016	POST	/api/product	undefined
2023/11/21 13:41:36	4b266042-cd57-4565-955b-455b6e0cb281	POST	/api/product	undefined
2023/11/21 13:42:09	33e053ab-ad5f-450e-9832-012b27de0cbd	POST	/api/product	undefined
2023/11/21 13:48:44	3d2c1c25-5571-44f2-b640-537877d0c8b1	GET	/api/product	undefined
2023/11/21 13:48:45	ba68cc88-f882-4df7-b6dd-91cc8ab2ebd6	GET	/api/product	undefined
2023/11/21 13:48:46	77ac7b21-8aed-4473-9e42-36a579ea2277	GET	/api/product	undefined
2023/11/21 13:48:46	7593acf9-c583-4281-a627-8756b21e066e	GET	/api/product	undefined
2023/11/21 13:49:01	128cb599-b7d8-4b98-bf0c-5913d607a599	GET	/api/product	undefined
2023/11/21 13:50:51	3c24ab5f-ec51-431b-bd3c-21908027e760	GET	/api/product	undefined
2023/11/21 13:50:57	6965745d-9099-403a-a358-02e83e530c2a	POST	/api/product	undefined
2023/11/21 13:51:01	78adf197-50ba-4302-8bd5-acddf9958663	GET	/api/product	undefined
2023/11/21 14:00:39	41b5538d-f666-44e8-b345-d8723e49d0cc	POST	/api/coupon	undefined
2023/11/21 14:02:38	bb19cfae-db9e-4dc9-a122-afa7e31d92c0	POST	/api/coupon	undefined
2023/11/21 14:02:39	b169eb4f-2a29-4972-831f-87fe08d57e37	POST	/api/coupon	undefined
2023/11/21 14:02:39	3489822a-3cbf-4a6c-b299-532c3b06ebc1	POST	/api/coupon	undefined
2023/11/21 14:03:39	e972fc07-6db4-4684-b130-13e2804714cc	POST	/api/coupon	undefined
2023/11/21 14:08:12	e08015c9-71d6-4f94-b56c-5e8772be52d1	POST	/api/coupon	undefined
2023/11/21 14:08:15	150250e9-1fa7-44d1-ba36-ba5f5f101572	GET	/api/coupon	undefined
2023/11/21 14:08:40	1c386569-f480-4910-9130-f39037f0232d	GET	/api/coupon	undefined
2023/11/21 14:08:52	455c6f3e-7e6e-4d7b-85a6-bec2dc81cd45	GET	/api/coupon	undefined
2023/11/21 14:09:04	907de072-3d70-4463-9b97-5c0f39d33bde	GET	/api/coupon	undefined
2023/11/21 15:37:52	46ca22af-98ff-47cd-b516-f29b4c487025	POST	/api/shippingaddress	undefined
2023/11/21 15:38:13	579b7b05-aaa9-40a8-b110-fbbce0ab11d8	POST	/api/shippingaddress	undefined
2023/11/21 15:38:57	f5c19453-a78f-4d24-b600-a92b9184aaf1	POST	/api/shippingaddress	undefined
2023/11/21 15:39:49	597b715b-6134-4f76-8713-a609e58ee3c5	POST	/api/shippingaddress	undefined
2023/11/21 15:40:55	cafcf5f3-6d17-4c33-8b11-95d7f9e2731e	POST	/api/shippingaddress	undefined
2023/11/21 15:41:10	7858ddd1-cf2b-498a-9dda-37dca2247fbb	GET	/api/users/1	undefined
2023/11/21 15:43:53	162643ae-2c41-46d2-95a1-364ea7760ec6	GET	/api/users/1	undefined
2023/11/21 15:50:46	ea3f232e-8079-4c8a-b352-9ba0dc081aa6	POST	/api/review	undefined
2023/11/21 15:51:00	6f79a4d5-a906-450f-b9c3-c67eec549a52	POST	/api/review	undefined
2023/11/21 15:51:20	ce977a96-4d2c-4180-9a37-32305a45b4e1	POST	/api/review	undefined
2023/11/21 15:53:58	64eadbde-4135-4154-bf3a-5b1eca9e8f3b	POST	/api/review	undefined
2023/11/21 15:54:17	c5ca88cd-9a9c-4fc6-a620-5be694b6425a	GET	/api/users/1	undefined
2023/11/21 15:55:12	cd9b4362-102b-477a-a7c4-e6a2ac4a07d3	GET	/api/users/1	undefined
2023/11/21 15:56:05	940b8aff-6785-498b-9942-2dbede99bd60	GET	/api/product	undefined
2023/11/21 15:56:56	ed64e848-078e-4580-97fe-4b5ee8ee059c	GET	/api/product	undefined
2023/11/21 15:56:58	9ef7cc76-633d-43dd-850c-3c9cf7c8562a	GET	/api/product	undefined
2023/11/21 15:57:42	e53c262f-e8ad-43c3-9806-07aab879b664	GET	/api/product	undefined
2023/11/21 16:00:48	f274d4a0-326d-4c1e-9df1-e9269c3c631b	GET	/api/product	undefined
2023/11/21 16:01:27	ba3bcfc6-73c1-4c43-b086-6d9e9905879f	GET	/api/users	undefined
2023/11/21 16:01:38	4b9e496d-ac02-4111-8216-c49a163116cb	GET	/api/users	undefined
2023/11/21 16:01:38	b6440e3b-030f-44a0-bd15-c677dfca7619	GET	/api/users	undefined
2023/11/21 16:02:03	75db01f4-8a4d-4dd1-ab2d-90d2c69cb4e4	GET	/api/users/1	undefined
